Linked: (/home/adrii/tiago_public_ws/devel/.private/teleop_tools_msgs/lib/pkgconfig/teleop_tools_msgs.pc, /home/adrii/tiago_public_ws/devel/lib/pkgconfig/teleop_tools_msgs.pc)
Linked: (/home/adrii/tiago_public_ws/devel/.private/teleop_tools_msgs/lib/python2.7/dist-packages/teleop_tools_msgs/__init__.py, /home/adrii/tiago_public_ws/devel/lib/python2.7/dist-packages/teleop_tools_msgs/__init__.py)
Linked: (/home/adrii/tiago_public_ws/devel/.private/teleop_tools_msgs/lib/python2.7/dist-packages/teleop_tools_msgs/msg/_IncrementActionResult.py, /home/adrii/tiago_public_ws/devel/lib/python2.7/dist-packages/teleop_tools_msgs/msg/_IncrementActionResult.py)
Linked: (/home/adrii/tiago_public_ws/devel/.private/teleop_tools_msgs/lib/python2.7/dist-packages/teleop_tools_msgs/msg/__init__.py, /home/adrii/tiago_public_ws/devel/lib/python2.7/dist-packages/teleop_tools_msgs/msg/__init__.py)
Linked: (/home/adrii/tiago_public_ws/devel/.private/teleop_tools_msgs/lib/python2.7/dist-packages/teleop_tools_msgs/msg/_IncrementActionFeedback.py, /home/adrii/tiago_public_ws/devel/lib/python2.7/dist-packages/teleop_tools_msgs/msg/_IncrementActionFeedback.py)
Linked: (/home/adrii/tiago_public_ws/devel/.private/teleop_tools_msgs/lib/python2.7/dist-packages/teleop_tools_msgs/msg/_IncrementFeedback.py, /home/adrii/tiago_public_ws/devel/lib/python2.7/dist-packages/teleop_tools_msgs/msg/_IncrementFeedback.py)
Linked: (/home/adrii/tiago_public_ws/devel/.private/teleop_tools_msgs/lib/python2.7/dist-packages/teleop_tools_msgs/msg/_IncrementGoal.py, /home/adrii/tiago_public_ws/devel/lib/python2.7/dist-packages/teleop_tools_msgs/msg/_IncrementGoal.py)
Linked: (/home/adrii/tiago_public_ws/devel/.private/teleop_tools_msgs/lib/python2.7/dist-packages/teleop_tools_msgs/msg/_IncrementActionGoal.py, /home/adrii/tiago_public_ws/devel/lib/python2.7/dist-packages/teleop_tools_msgs/msg/_IncrementActionGoal.py)
Linked: (/home/adrii/tiago_public_ws/devel/.private/teleop_tools_msgs/lib/python2.7/dist-packages/teleop_tools_msgs/msg/_IncrementAction.py, /home/adrii/tiago_public_ws/devel/lib/python2.7/dist-packages/teleop_tools_msgs/msg/_IncrementAction.py)
Linked: (/home/adrii/tiago_public_ws/devel/.private/teleop_tools_msgs/lib/python2.7/dist-packages/teleop_tools_msgs/msg/_IncrementResult.py, /home/adrii/tiago_public_ws/devel/lib/python2.7/dist-packages/teleop_tools_msgs/msg/_IncrementResult.py)
Linked: (/home/adrii/tiago_public_ws/devel/.private/teleop_tools_msgs/share/roseus/ros/teleop_tools_msgs/manifest.l, /home/adrii/tiago_public_ws/devel/share/roseus/ros/teleop_tools_msgs/manifest.l)
Linked: (/home/adrii/tiago_public_ws/devel/.private/teleop_tools_msgs/share/roseus/ros/teleop_tools_msgs/msg/IncrementGoal.l, /home/adrii/tiago_public_ws/devel/share/roseus/ros/teleop_tools_msgs/msg/IncrementGoal.l)
Linked: (/home/adrii/tiago_public_ws/devel/.private/teleop_tools_msgs/share/roseus/ros/teleop_tools_msgs/msg/IncrementActionFeedback.l, /home/adrii/tiago_public_ws/devel/share/roseus/ros/teleop_tools_msgs/msg/IncrementActionFeedback.l)
Linked: (/home/adrii/tiago_public_ws/devel/.private/teleop_tools_msgs/share/roseus/ros/teleop_tools_msgs/msg/IncrementFeedback.l, /home/adrii/tiago_public_ws/devel/share/roseus/ros/teleop_tools_msgs/msg/IncrementFeedback.l)
Linked: (/home/adrii/tiago_public_ws/devel/.private/teleop_tools_msgs/share/roseus/ros/teleop_tools_msgs/msg/IncrementActionResult.l, /home/adrii/tiago_public_ws/devel/share/roseus/ros/teleop_tools_msgs/msg/IncrementActionResult.l)
Linked: (/home/adrii/tiago_public_ws/devel/.private/teleop_tools_msgs/share/roseus/ros/teleop_tools_msgs/msg/IncrementResult.l, /home/adrii/tiago_public_ws/devel/share/roseus/ros/teleop_tools_msgs/msg/IncrementResult.l)
Linked: (/home/adrii/tiago_public_ws/devel/.private/teleop_tools_msgs/share/roseus/ros/teleop_tools_msgs/msg/IncrementAction.l, /home/adrii/tiago_public_ws/devel/share/roseus/ros/teleop_tools_msgs/msg/IncrementAction.l)
Linked: (/home/adrii/tiago_public_ws/devel/.private/teleop_tools_msgs/share/roseus/ros/teleop_tools_msgs/msg/IncrementActionGoal.l, /home/adrii/tiago_public_ws/devel/share/roseus/ros/teleop_tools_msgs/msg/IncrementActionGoal.l)
Linked: (/home/adrii/tiago_public_ws/devel/.private/teleop_tools_msgs/share/common-lisp/ros/teleop_tools_msgs/msg/IncrementAction.lisp, /home/adrii/tiago_public_ws/devel/share/common-lisp/ros/teleop_tools_msgs/msg/IncrementAction.lisp)
Linked: (/home/adrii/tiago_public_ws/devel/.private/teleop_tools_msgs/share/common-lisp/ros/teleop_tools_msgs/msg/IncrementGoal.lisp, /home/adrii/tiago_public_ws/devel/share/common-lisp/ros/teleop_tools_msgs/msg/IncrementGoal.lisp)
Linked: (/home/adrii/tiago_public_ws/devel/.private/teleop_tools_msgs/share/common-lisp/ros/teleop_tools_msgs/msg/IncrementResult.lisp, /home/adrii/tiago_public_ws/devel/share/common-lisp/ros/teleop_tools_msgs/msg/IncrementResult.lisp)
Linked: (/home/adrii/tiago_public_ws/devel/.private/teleop_tools_msgs/share/common-lisp/ros/teleop_tools_msgs/msg/_package_IncrementAction.lisp, /home/adrii/tiago_public_ws/devel/share/common-lisp/ros/teleop_tools_msgs/msg/_package_IncrementAction.lisp)
Linked: (/home/adrii/tiago_public_ws/devel/.private/teleop_tools_msgs/share/common-lisp/ros/teleop_tools_msgs/msg/_package_IncrementResult.lisp, /home/adrii/tiago_public_ws/devel/share/common-lisp/ros/teleop_tools_msgs/msg/_package_IncrementResult.lisp)
Linked: (/home/adrii/tiago_public_ws/devel/.private/teleop_tools_msgs/share/common-lisp/ros/teleop_tools_msgs/msg/IncrementFeedback.lisp, /home/adrii/tiago_public_ws/devel/share/common-lisp/ros/teleop_tools_msgs/msg/IncrementFeedback.lisp)
Linked: (/home/adrii/tiago_public_ws/devel/.private/teleop_tools_msgs/share/common-lisp/ros/teleop_tools_msgs/msg/_package_IncrementGoal.lisp, /home/adrii/tiago_public_ws/devel/share/common-lisp/ros/teleop_tools_msgs/msg/_package_IncrementGoal.lisp)
Linked: (/home/adrii/tiago_public_ws/devel/.private/teleop_tools_msgs/share/common-lisp/ros/teleop_tools_msgs/msg/_package_IncrementActionResult.lisp, /home/adrii/tiago_public_ws/devel/share/common-lisp/ros/teleop_tools_msgs/msg/_package_IncrementActionResult.lisp)
Linked: (/home/adrii/tiago_public_ws/devel/.private/teleop_tools_msgs/share/common-lisp/ros/teleop_tools_msgs/msg/IncrementActionGoal.lisp, /home/adrii/tiago_public_ws/devel/share/common-lisp/ros/teleop_tools_msgs/msg/IncrementActionGoal.lisp)
Linked: (/home/adrii/tiago_public_ws/devel/.private/teleop_tools_msgs/share/common-lisp/ros/teleop_tools_msgs/msg/_package.lisp, /home/adrii/tiago_public_ws/devel/share/common-lisp/ros/teleop_tools_msgs/msg/_package.lisp)
Linked: (/home/adrii/tiago_public_ws/devel/.private/teleop_tools_msgs/share/common-lisp/ros/teleop_tools_msgs/msg/_package_IncrementActionGoal.lisp, /home/adrii/tiago_public_ws/devel/share/common-lisp/ros/teleop_tools_msgs/msg/_package_IncrementActionGoal.lisp)
Linked: (/home/adrii/tiago_public_ws/devel/.private/teleop_tools_msgs/share/common-lisp/ros/teleop_tools_msgs/msg/_package_IncrementActionFeedback.lisp, /home/adrii/tiago_public_ws/devel/share/common-lisp/ros/teleop_tools_msgs/msg/_package_IncrementActionFeedback.lisp)
Linked: (/home/adrii/tiago_public_ws/devel/.private/teleop_tools_msgs/share/common-lisp/ros/teleop_tools_msgs/msg/_package_IncrementFeedback.lisp, /home/adrii/tiago_public_ws/devel/share/common-lisp/ros/teleop_tools_msgs/msg/_package_IncrementFeedback.lisp)
Linked: (/home/adrii/tiago_public_ws/devel/.private/teleop_tools_msgs/share/common-lisp/ros/teleop_tools_msgs/msg/teleop_tools_msgs-msg.asd, /home/adrii/tiago_public_ws/devel/share/common-lisp/ros/teleop_tools_msgs/msg/teleop_tools_msgs-msg.asd)
Linked: (/home/adrii/tiago_public_ws/devel/.private/teleop_tools_msgs/share/common-lisp/ros/teleop_tools_msgs/msg/IncrementActionFeedback.lisp, /home/adrii/tiago_public_ws/devel/share/common-lisp/ros/teleop_tools_msgs/msg/IncrementActionFeedback.lisp)
Linked: (/home/adrii/tiago_public_ws/devel/.private/teleop_tools_msgs/share/common-lisp/ros/teleop_tools_msgs/msg/IncrementActionResult.lisp, /home/adrii/tiago_public_ws/devel/share/common-lisp/ros/teleop_tools_msgs/msg/IncrementActionResult.lisp)
Linked: (/home/adrii/tiago_public_ws/devel/.private/teleop_tools_msgs/share/teleop_tools_msgs/msg/IncrementFeedback.msg, /home/adrii/tiago_public_ws/devel/share/teleop_tools_msgs/msg/IncrementFeedback.msg)
Linked: (/home/adrii/tiago_public_ws/devel/.private/teleop_tools_msgs/share/teleop_tools_msgs/msg/IncrementActionResult.msg, /home/adrii/tiago_public_ws/devel/share/teleop_tools_msgs/msg/IncrementActionResult.msg)
Linked: (/home/adrii/tiago_public_ws/devel/.private/teleop_tools_msgs/share/teleop_tools_msgs/msg/IncrementAction.msg, /home/adrii/tiago_public_ws/devel/share/teleop_tools_msgs/msg/IncrementAction.msg)
Linked: (/home/adrii/tiago_public_ws/devel/.private/teleop_tools_msgs/share/teleop_tools_msgs/msg/IncrementGoal.msg, /home/adrii/tiago_public_ws/devel/share/teleop_tools_msgs/msg/IncrementGoal.msg)
Linked: (/home/adrii/tiago_public_ws/devel/.private/teleop_tools_msgs/share/teleop_tools_msgs/msg/IncrementActionFeedback.msg, /home/adrii/tiago_public_ws/devel/share/teleop_tools_msgs/msg/IncrementActionFeedback.msg)
Linked: (/home/adrii/tiago_public_ws/devel/.private/teleop_tools_msgs/share/teleop_tools_msgs/msg/IncrementActionGoal.msg, /home/adrii/tiago_public_ws/devel/share/teleop_tools_msgs/msg/IncrementActionGoal.msg)
Linked: (/home/adrii/tiago_public_ws/devel/.private/teleop_tools_msgs/share/teleop_tools_msgs/msg/IncrementResult.msg, /home/adrii/tiago_public_ws/devel/share/teleop_tools_msgs/msg/IncrementResult.msg)
Linked: (/home/adrii/tiago_public_ws/devel/.private/teleop_tools_msgs/share/teleop_tools_msgs/cmake/teleop_tools_msgsConfig-version.cmake, /home/adrii/tiago_public_ws/devel/share/teleop_tools_msgs/cmake/teleop_tools_msgsConfig-version.cmake)
Linked: (/home/adrii/tiago_public_ws/devel/.private/teleop_tools_msgs/share/teleop_tools_msgs/cmake/teleop_tools_msgs-msg-extras.cmake, /home/adrii/tiago_public_ws/devel/share/teleop_tools_msgs/cmake/teleop_tools_msgs-msg-extras.cmake)
Linked: (/home/adrii/tiago_public_ws/devel/.private/teleop_tools_msgs/share/teleop_tools_msgs/cmake/teleop_tools_msgsConfig.cmake, /home/adrii/tiago_public_ws/devel/share/teleop_tools_msgs/cmake/teleop_tools_msgsConfig.cmake)
Linked: (/home/adrii/tiago_public_ws/devel/.private/teleop_tools_msgs/share/teleop_tools_msgs/cmake/teleop_tools_msgs-msg-paths.cmake, /home/adrii/tiago_public_ws/devel/share/teleop_tools_msgs/cmake/teleop_tools_msgs-msg-paths.cmake)
Linked: (/home/adrii/tiago_public_ws/devel/.private/teleop_tools_msgs/share/gennodejs/ros/teleop_tools_msgs/_index.js, /home/adrii/tiago_public_ws/devel/share/gennodejs/ros/teleop_tools_msgs/_index.js)
Linked: (/home/adrii/tiago_public_ws/devel/.private/teleop_tools_msgs/share/gennodejs/ros/teleop_tools_msgs/msg/IncrementActionGoal.js, /home/adrii/tiago_public_ws/devel/share/gennodejs/ros/teleop_tools_msgs/msg/IncrementActionGoal.js)
Linked: (/home/adrii/tiago_public_ws/devel/.private/teleop_tools_msgs/share/gennodejs/ros/teleop_tools_msgs/msg/IncrementActionResult.js, /home/adrii/tiago_public_ws/devel/share/gennodejs/ros/teleop_tools_msgs/msg/IncrementActionResult.js)
Linked: (/home/adrii/tiago_public_ws/devel/.private/teleop_tools_msgs/share/gennodejs/ros/teleop_tools_msgs/msg/IncrementGoal.js, /home/adrii/tiago_public_ws/devel/share/gennodejs/ros/teleop_tools_msgs/msg/IncrementGoal.js)
Linked: (/home/adrii/tiago_public_ws/devel/.private/teleop_tools_msgs/share/gennodejs/ros/teleop_tools_msgs/msg/IncrementResult.js, /home/adrii/tiago_public_ws/devel/share/gennodejs/ros/teleop_tools_msgs/msg/IncrementResult.js)
Linked: (/home/adrii/tiago_public_ws/devel/.private/teleop_tools_msgs/share/gennodejs/ros/teleop_tools_msgs/msg/IncrementFeedback.js, /home/adrii/tiago_public_ws/devel/share/gennodejs/ros/teleop_tools_msgs/msg/IncrementFeedback.js)
Linked: (/home/adrii/tiago_public_ws/devel/.private/teleop_tools_msgs/share/gennodejs/ros/teleop_tools_msgs/msg/IncrementAction.js, /home/adrii/tiago_public_ws/devel/share/gennodejs/ros/teleop_tools_msgs/msg/IncrementAction.js)
Linked: (/home/adrii/tiago_public_ws/devel/.private/teleop_tools_msgs/share/gennodejs/ros/teleop_tools_msgs/msg/_index.js, /home/adrii/tiago_public_ws/devel/share/gennodejs/ros/teleop_tools_msgs/msg/_index.js)
Linked: (/home/adrii/tiago_public_ws/devel/.private/teleop_tools_msgs/share/gennodejs/ros/teleop_tools_msgs/msg/IncrementActionFeedback.js, /home/adrii/tiago_public_ws/devel/share/gennodejs/ros/teleop_tools_msgs/msg/IncrementActionFeedback.js)
Linked: (/home/adrii/tiago_public_ws/devel/.private/teleop_tools_msgs/include/teleop_tools_msgs/IncrementGoal.h, /home/adrii/tiago_public_ws/devel/include/teleop_tools_msgs/IncrementGoal.h)
Linked: (/home/adrii/tiago_public_ws/devel/.private/teleop_tools_msgs/include/teleop_tools_msgs/IncrementAction.h, /home/adrii/tiago_public_ws/devel/include/teleop_tools_msgs/IncrementAction.h)
Linked: (/home/adrii/tiago_public_ws/devel/.private/teleop_tools_msgs/include/teleop_tools_msgs/IncrementResult.h, /home/adrii/tiago_public_ws/devel/include/teleop_tools_msgs/IncrementResult.h)
Linked: (/home/adrii/tiago_public_ws/devel/.private/teleop_tools_msgs/include/teleop_tools_msgs/IncrementActionFeedback.h, /home/adrii/tiago_public_ws/devel/include/teleop_tools_msgs/IncrementActionFeedback.h)
Linked: (/home/adrii/tiago_public_ws/devel/.private/teleop_tools_msgs/include/teleop_tools_msgs/IncrementActionGoal.h, /home/adrii/tiago_public_ws/devel/include/teleop_tools_msgs/IncrementActionGoal.h)
Linked: (/home/adrii/tiago_public_ws/devel/.private/teleop_tools_msgs/include/teleop_tools_msgs/IncrementFeedback.h, /home/adrii/tiago_public_ws/devel/include/teleop_tools_msgs/IncrementFeedback.h)
Linked: (/home/adrii/tiago_public_ws/devel/.private/teleop_tools_msgs/include/teleop_tools_msgs/IncrementActionResult.h, /home/adrii/tiago_public_ws/devel/include/teleop_tools_msgs/IncrementActionResult.h)
