Determining if the pthread_create exist failed with the following output:
Change Dir: /home/adrii/tiago_public_ws/build/play_motion/CMakeFiles/CMakeTmp

Run Build Command:"/usr/bin/make" "cmTC_6d7e0/fast"
/usr/bin/make -f CMakeFiles/cmTC_6d7e0.dir/build.make CMakeFiles/cmTC_6d7e0.dir/build
make[1]: se entra en el directorio '/home/adrii/tiago_public_ws/build/play_motion/CMakeFiles/CMakeTmp'
Building C object CMakeFiles/cmTC_6d7e0.dir/CheckSymbolExists.c.o
/usr/bin/cc     -o CMakeFiles/cmTC_6d7e0.dir/CheckSymbolExists.c.o   -c /home/adrii/tiago_public_ws/build/play_motion/CMakeFiles/CMakeTmp/CheckSymbolExists.c
Linking C executable cmTC_6d7e0
/usr/bin/cmake -E cmake_link_script CMakeFiles/cmTC_6d7e0.dir/link.txt --verbose=1
/usr/bin/cc       CMakeFiles/cmTC_6d7e0.dir/CheckSymbolExists.c.o  -o cmTC_6d7e0 -rdynamic 
CMakeFiles/cmTC_6d7e0.dir/CheckSymbolExists.c.o: En la función `main':
CheckSymbolExists.c:(.text+0x16): referencia a `pthread_create' sin definir
collect2: error: ld returned 1 exit status
CMakeFiles/cmTC_6d7e0.dir/build.make:97: fallo en las instrucciones para el objetivo 'cmTC_6d7e0'
make[1]: *** [cmTC_6d7e0] Error 1
make[1]: se sale del directorio '/home/adrii/tiago_public_ws/build/play_motion/CMakeFiles/CMakeTmp'
Makefile:126: fallo en las instrucciones para el objetivo 'cmTC_6d7e0/fast'
make: *** [cmTC_6d7e0/fast] Error 2

File /home/adrii/tiago_public_ws/build/play_motion/CMakeFiles/CMakeTmp/CheckSymbolExists.c:
/* */
#include <pthread.h>

int main(int argc, char** argv)
{
  (void)argv;
#ifndef pthread_create
  return ((int*)(&pthread_create))[argc];
#else
  (void)argc;
  return 0;
#endif
}

Determining if the function pthread_create exists in the pthreads failed with the following output:
Change Dir: /home/adrii/tiago_public_ws/build/play_motion/CMakeFiles/CMakeTmp

Run Build Command:"/usr/bin/make" "cmTC_3e27f/fast"
/usr/bin/make -f CMakeFiles/cmTC_3e27f.dir/build.make CMakeFiles/cmTC_3e27f.dir/build
make[1]: se entra en el directorio '/home/adrii/tiago_public_ws/build/play_motion/CMakeFiles/CMakeTmp'
Building C object CMakeFiles/cmTC_3e27f.dir/CheckFunctionExists.c.o
/usr/bin/cc    -DCHECK_FUNCTION_EXISTS=pthread_create   -o CMakeFiles/cmTC_3e27f.dir/CheckFunctionExists.c.o   -c /usr/share/cmake-3.5/Modules/CheckFunctionExists.c
Linking C executable cmTC_3e27f
/usr/bin/cmake -E cmake_link_script CMakeFiles/cmTC_3e27f.dir/link.txt --verbose=1
/usr/bin/cc   -DCHECK_FUNCTION_EXISTS=pthread_create    CMakeFiles/cmTC_3e27f.dir/CheckFunctionExists.c.o  -o cmTC_3e27f -rdynamic -lpthreads 
/usr/bin/ld: no se puede encontrar -lpthreads
collect2: error: ld returned 1 exit status
CMakeFiles/cmTC_3e27f.dir/build.make:97: fallo en las instrucciones para el objetivo 'cmTC_3e27f'
make[1]: *** [cmTC_3e27f] Error 1
make[1]: se sale del directorio '/home/adrii/tiago_public_ws/build/play_motion/CMakeFiles/CMakeTmp'
Makefile:126: fallo en las instrucciones para el objetivo 'cmTC_3e27f/fast'
make: *** [cmTC_3e27f/fast] Error 2


