Symlinking /home/adrii/tiago_public_ws/devel/lib/pkgconfig/practica_servicios.pc
Symlinking /home/adrii/tiago_public_ws/devel/lib/python2.7/dist-packages/practica_servicios/__init__.py
Symlinking /home/adrii/tiago_public_ws/devel/lib/python2.7/dist-packages/practica_servicios/srv/__init__.py
Symlinking /home/adrii/tiago_public_ws/devel/lib/python2.7/dist-packages/practica_servicios/srv/_geograsp.py
Symlinking /home/adrii/tiago_public_ws/devel/lib/python2.7/dist-packages/practica_servicios/srv/_position.py
Symlinking /home/adrii/tiago_public_ws/devel/lib/practica_servicios/move_arm_client
Symlinking /home/adrii/tiago_public_ws/devel/lib/practica_servicios/geograsp_server
Symlinking /home/adrii/tiago_public_ws/devel/lib/practica_servicios/move_arm_server
Symlinking /home/adrii/tiago_public_ws/devel/share/roseus/ros/practica_servicios/manifest.l
Symlinking /home/adrii/tiago_public_ws/devel/share/roseus/ros/practica_servicios/srv/geograsp.l
Symlinking /home/adrii/tiago_public_ws/devel/share/roseus/ros/practica_servicios/srv/position.l
Symlinking /home/adrii/tiago_public_ws/devel/share/common-lisp/ros/practica_servicios/srv/_package_geograsp.lisp
Symlinking /home/adrii/tiago_public_ws/devel/share/common-lisp/ros/practica_servicios/srv/geograsp.lisp
Symlinking /home/adrii/tiago_public_ws/devel/share/common-lisp/ros/practica_servicios/srv/_package.lisp
Symlinking /home/adrii/tiago_public_ws/devel/share/common-lisp/ros/practica_servicios/srv/_package_position.lisp
Symlinking /home/adrii/tiago_public_ws/devel/share/common-lisp/ros/practica_servicios/srv/position.lisp
Symlinking /home/adrii/tiago_public_ws/devel/share/common-lisp/ros/practica_servicios/srv/practica_servicios-srv.asd
Symlinking /home/adrii/tiago_public_ws/devel/share/practica_servicios/cmake/practica_serviciosConfig.cmake
Symlinking /home/adrii/tiago_public_ws/devel/share/practica_servicios/cmake/practica_serviciosConfig-version.cmake
Symlinking /home/adrii/tiago_public_ws/devel/share/practica_servicios/cmake/practica_servicios-msg-paths.cmake
Symlinking /home/adrii/tiago_public_ws/devel/share/practica_servicios/cmake/practica_servicios-msg-extras.cmake
Symlinking /home/adrii/tiago_public_ws/devel/share/gennodejs/ros/practica_servicios/_index.js
Symlinking /home/adrii/tiago_public_ws/devel/share/gennodejs/ros/practica_servicios/srv/geograsp.js
Symlinking /home/adrii/tiago_public_ws/devel/share/gennodejs/ros/practica_servicios/srv/position.js
Symlinking /home/adrii/tiago_public_ws/devel/share/gennodejs/ros/practica_servicios/srv/_index.js
Symlinking /home/adrii/tiago_public_ws/devel/include/practica_servicios/positionResponse.h
Symlinking /home/adrii/tiago_public_ws/devel/include/practica_servicios/positionRequest.h
Symlinking /home/adrii/tiago_public_ws/devel/include/practica_servicios/geograspRequest.h
Symlinking /home/adrii/tiago_public_ws/devel/include/practica_servicios/geograspResponse.h
Symlinking /home/adrii/tiago_public_ws/devel/include/practica_servicios/geograsp.h
Symlinking /home/adrii/tiago_public_ws/devel/include/practica_servicios/position.h
