Determining if the pthread_create exist failed with the following output:
Change Dir: /home/adrii/tiago_public_ws/build/simple_models_gazebo/CMakeFiles/CMakeTmp

Run Build Command:"/usr/bin/make" "cmTC_dda6d/fast"
/usr/bin/make -f CMakeFiles/cmTC_dda6d.dir/build.make CMakeFiles/cmTC_dda6d.dir/build
make[1]: se entra en el directorio '/home/adrii/tiago_public_ws/build/simple_models_gazebo/CMakeFiles/CMakeTmp'
Building C object CMakeFiles/cmTC_dda6d.dir/CheckSymbolExists.c.o
/usr/bin/cc     -o CMakeFiles/cmTC_dda6d.dir/CheckSymbolExists.c.o   -c /home/adrii/tiago_public_ws/build/simple_models_gazebo/CMakeFiles/CMakeTmp/CheckSymbolExists.c
Linking C executable cmTC_dda6d
/usr/bin/cmake -E cmake_link_script CMakeFiles/cmTC_dda6d.dir/link.txt --verbose=1
/usr/bin/cc       CMakeFiles/cmTC_dda6d.dir/CheckSymbolExists.c.o  -o cmTC_dda6d -rdynamic 
CMakeFiles/cmTC_dda6d.dir/CheckSymbolExists.c.o: En la función `main':
CheckSymbolExists.c:(.text+0x16): referencia a `pthread_create' sin definir
collect2: error: ld returned 1 exit status
CMakeFiles/cmTC_dda6d.dir/build.make:97: fallo en las instrucciones para el objetivo 'cmTC_dda6d'
make[1]: *** [cmTC_dda6d] Error 1
make[1]: se sale del directorio '/home/adrii/tiago_public_ws/build/simple_models_gazebo/CMakeFiles/CMakeTmp'
Makefile:126: fallo en las instrucciones para el objetivo 'cmTC_dda6d/fast'
make: *** [cmTC_dda6d/fast] Error 2

File /home/adrii/tiago_public_ws/build/simple_models_gazebo/CMakeFiles/CMakeTmp/CheckSymbolExists.c:
/* */
#include <pthread.h>

int main(int argc, char** argv)
{
  (void)argv;
#ifndef pthread_create
  return ((int*)(&pthread_create))[argc];
#else
  (void)argc;
  return 0;
#endif
}

Determining if the function pthread_create exists in the pthreads failed with the following output:
Change Dir: /home/adrii/tiago_public_ws/build/simple_models_gazebo/CMakeFiles/CMakeTmp

Run Build Command:"/usr/bin/make" "cmTC_aeb30/fast"
/usr/bin/make -f CMakeFiles/cmTC_aeb30.dir/build.make CMakeFiles/cmTC_aeb30.dir/build
make[1]: se entra en el directorio '/home/adrii/tiago_public_ws/build/simple_models_gazebo/CMakeFiles/CMakeTmp'
Building C object CMakeFiles/cmTC_aeb30.dir/CheckFunctionExists.c.o
/usr/bin/cc    -DCHECK_FUNCTION_EXISTS=pthread_create   -o CMakeFiles/cmTC_aeb30.dir/CheckFunctionExists.c.o   -c /usr/share/cmake-3.5/Modules/CheckFunctionExists.c
Linking C executable cmTC_aeb30
/usr/bin/cmake -E cmake_link_script CMakeFiles/cmTC_aeb30.dir/link.txt --verbose=1
/usr/bin/cc   -DCHECK_FUNCTION_EXISTS=pthread_create    CMakeFiles/cmTC_aeb30.dir/CheckFunctionExists.c.o  -o cmTC_aeb30 -rdynamic -lpthreads 
/usr/bin/ld: no se puede encontrar -lpthreads
collect2: error: ld returned 1 exit status
CMakeFiles/cmTC_aeb30.dir/build.make:97: fallo en las instrucciones para el objetivo 'cmTC_aeb30'
make[1]: *** [cmTC_aeb30] Error 1
make[1]: se sale del directorio '/home/adrii/tiago_public_ws/build/simple_models_gazebo/CMakeFiles/CMakeTmp'
Makefile:126: fallo en las instrucciones para el objetivo 'cmTC_aeb30/fast'
make: *** [cmTC_aeb30/fast] Error 2


