Determining if the pthread_create exist failed with the following output:
Change Dir: /home/adrii/tiago_public_ws/build/pal_gazebo_plugins/CMakeFiles/CMakeTmp

Run Build Command:"/usr/bin/make" "cmTC_bca01/fast"
/usr/bin/make -f CMakeFiles/cmTC_bca01.dir/build.make CMakeFiles/cmTC_bca01.dir/build
make[1]: se entra en el directorio '/home/adrii/tiago_public_ws/build/pal_gazebo_plugins/CMakeFiles/CMakeTmp'
Building C object CMakeFiles/cmTC_bca01.dir/CheckSymbolExists.c.o
/usr/bin/cc     -o CMakeFiles/cmTC_bca01.dir/CheckSymbolExists.c.o   -c /home/adrii/tiago_public_ws/build/pal_gazebo_plugins/CMakeFiles/CMakeTmp/CheckSymbolExists.c
Linking C executable cmTC_bca01
/usr/bin/cmake -E cmake_link_script CMakeFiles/cmTC_bca01.dir/link.txt --verbose=1
/usr/bin/cc       CMakeFiles/cmTC_bca01.dir/CheckSymbolExists.c.o  -o cmTC_bca01 -rdynamic 
CMakeFiles/cmTC_bca01.dir/CheckSymbolExists.c.o: En la función `main':
CheckSymbolExists.c:(.text+0x16): referencia a `pthread_create' sin definir
collect2: error: ld returned 1 exit status
CMakeFiles/cmTC_bca01.dir/build.make:97: fallo en las instrucciones para el objetivo 'cmTC_bca01'
make[1]: *** [cmTC_bca01] Error 1
make[1]: se sale del directorio '/home/adrii/tiago_public_ws/build/pal_gazebo_plugins/CMakeFiles/CMakeTmp'
Makefile:126: fallo en las instrucciones para el objetivo 'cmTC_bca01/fast'
make: *** [cmTC_bca01/fast] Error 2

File /home/adrii/tiago_public_ws/build/pal_gazebo_plugins/CMakeFiles/CMakeTmp/CheckSymbolExists.c:
/* */
#include <pthread.h>

int main(int argc, char** argv)
{
  (void)argv;
#ifndef pthread_create
  return ((int*)(&pthread_create))[argc];
#else
  (void)argc;
  return 0;
#endif
}

Determining if the function pthread_create exists in the pthreads failed with the following output:
Change Dir: /home/adrii/tiago_public_ws/build/pal_gazebo_plugins/CMakeFiles/CMakeTmp

Run Build Command:"/usr/bin/make" "cmTC_f1e4d/fast"
/usr/bin/make -f CMakeFiles/cmTC_f1e4d.dir/build.make CMakeFiles/cmTC_f1e4d.dir/build
make[1]: se entra en el directorio '/home/adrii/tiago_public_ws/build/pal_gazebo_plugins/CMakeFiles/CMakeTmp'
Building C object CMakeFiles/cmTC_f1e4d.dir/CheckFunctionExists.c.o
/usr/bin/cc    -DCHECK_FUNCTION_EXISTS=pthread_create   -o CMakeFiles/cmTC_f1e4d.dir/CheckFunctionExists.c.o   -c /usr/share/cmake-3.5/Modules/CheckFunctionExists.c
Linking C executable cmTC_f1e4d
/usr/bin/cmake -E cmake_link_script CMakeFiles/cmTC_f1e4d.dir/link.txt --verbose=1
/usr/bin/cc   -DCHECK_FUNCTION_EXISTS=pthread_create    CMakeFiles/cmTC_f1e4d.dir/CheckFunctionExists.c.o  -o cmTC_f1e4d -rdynamic -lpthreads 
/usr/bin/ld: no se puede encontrar -lpthreads
collect2: error: ld returned 1 exit status
CMakeFiles/cmTC_f1e4d.dir/build.make:97: fallo en las instrucciones para el objetivo 'cmTC_f1e4d'
make[1]: *** [cmTC_f1e4d] Error 1
make[1]: se sale del directorio '/home/adrii/tiago_public_ws/build/pal_gazebo_plugins/CMakeFiles/CMakeTmp'
Makefile:126: fallo en las instrucciones para el objetivo 'cmTC_f1e4d/fast'
make: *** [cmTC_f1e4d/fast] Error 2


