Determining if the pthread_create exist failed with the following output:
Change Dir: /home/adrii/tiago_public_ws/build/head_action/CMakeFiles/CMakeTmp

Run Build Command:"/usr/bin/make" "cmTC_8e95a/fast"
/usr/bin/make -f CMakeFiles/cmTC_8e95a.dir/build.make CMakeFiles/cmTC_8e95a.dir/build
make[1]: se entra en el directorio '/home/adrii/tiago_public_ws/build/head_action/CMakeFiles/CMakeTmp'
Building C object CMakeFiles/cmTC_8e95a.dir/CheckSymbolExists.c.o
/usr/bin/cc     -o CMakeFiles/cmTC_8e95a.dir/CheckSymbolExists.c.o   -c /home/adrii/tiago_public_ws/build/head_action/CMakeFiles/CMakeTmp/CheckSymbolExists.c
Linking C executable cmTC_8e95a
/usr/bin/cmake -E cmake_link_script CMakeFiles/cmTC_8e95a.dir/link.txt --verbose=1
/usr/bin/cc       CMakeFiles/cmTC_8e95a.dir/CheckSymbolExists.c.o  -o cmTC_8e95a -rdynamic 
CMakeFiles/cmTC_8e95a.dir/CheckSymbolExists.c.o: En la función `main':
CheckSymbolExists.c:(.text+0x16): referencia a `pthread_create' sin definir
collect2: error: ld returned 1 exit status
CMakeFiles/cmTC_8e95a.dir/build.make:97: fallo en las instrucciones para el objetivo 'cmTC_8e95a'
make[1]: *** [cmTC_8e95a] Error 1
make[1]: se sale del directorio '/home/adrii/tiago_public_ws/build/head_action/CMakeFiles/CMakeTmp'
Makefile:126: fallo en las instrucciones para el objetivo 'cmTC_8e95a/fast'
make: *** [cmTC_8e95a/fast] Error 2

File /home/adrii/tiago_public_ws/build/head_action/CMakeFiles/CMakeTmp/CheckSymbolExists.c:
/* */
#include <pthread.h>

int main(int argc, char** argv)
{
  (void)argv;
#ifndef pthread_create
  return ((int*)(&pthread_create))[argc];
#else
  (void)argc;
  return 0;
#endif
}

Determining if the function pthread_create exists in the pthreads failed with the following output:
Change Dir: /home/adrii/tiago_public_ws/build/head_action/CMakeFiles/CMakeTmp

Run Build Command:"/usr/bin/make" "cmTC_3a885/fast"
/usr/bin/make -f CMakeFiles/cmTC_3a885.dir/build.make CMakeFiles/cmTC_3a885.dir/build
make[1]: se entra en el directorio '/home/adrii/tiago_public_ws/build/head_action/CMakeFiles/CMakeTmp'
Building C object CMakeFiles/cmTC_3a885.dir/CheckFunctionExists.c.o
/usr/bin/cc    -DCHECK_FUNCTION_EXISTS=pthread_create   -o CMakeFiles/cmTC_3a885.dir/CheckFunctionExists.c.o   -c /usr/share/cmake-3.5/Modules/CheckFunctionExists.c
Linking C executable cmTC_3a885
/usr/bin/cmake -E cmake_link_script CMakeFiles/cmTC_3a885.dir/link.txt --verbose=1
/usr/bin/cc   -DCHECK_FUNCTION_EXISTS=pthread_create    CMakeFiles/cmTC_3a885.dir/CheckFunctionExists.c.o  -o cmTC_3a885 -rdynamic -lpthreads 
/usr/bin/ld: no se puede encontrar -lpthreads
collect2: error: ld returned 1 exit status
CMakeFiles/cmTC_3a885.dir/build.make:97: fallo en las instrucciones para el objetivo 'cmTC_3a885'
make[1]: *** [cmTC_3a885] Error 1
make[1]: se sale del directorio '/home/adrii/tiago_public_ws/build/head_action/CMakeFiles/CMakeTmp'
Makefile:126: fallo en las instrucciones para el objetivo 'cmTC_3a885/fast'
make: *** [cmTC_3a885/fast] Error 2


